                                      1 ;--------------------------------------------------------
                                      2 ; File Created by SDCC : free open source ISO C Compiler
                                      3 ; Version 4.5.1 #15267 (Linux)
                                      4 ;--------------------------------------------------------
                                      5 	.module savefile
                                      6 	
                                      7 ;--------------------------------------------------------
                                      8 ; Public variables in this module
                                      9 ;--------------------------------------------------------
                                     10 	.globl _World_8
                                     11 	.globl _World_7
                                     12 	.globl _World_6
                                     13 	.globl _World_5
                                     14 	.globl _World_4
                                     15 	.globl _World_3
                                     16 	.globl _World_2
                                     17 	.globl _World_1
                                     18 	.globl _World_List
                                     19 	.globl _SaveFile_1_Levels
                                     20 	.globl _World_1_Points
                                     21 	.globl _SaveFile_3
                                     22 	.globl _SaveFile_2
                                     23 	.globl _SaveFile_1
                                     24 	.globl _SaveFile_1_World_8_Levels
                                     25 	.globl _SaveFile_1_World_7_Levels
                                     26 	.globl _SaveFile_1_World_6_Levels
                                     27 	.globl _SaveFile_1_World_5_Levels
                                     28 	.globl _SaveFile_1_World_4_Levels
                                     29 	.globl _SaveFile_1_World_3_Levels
                                     30 	.globl _SaveFile_1_World_2_Levels
                                     31 	.globl _SaveFile_1_World_1_Levels
                                     32 	.globl _SavedPoint
                                     33 ;--------------------------------------------------------
                                     34 ; special function registers
                                     35 ;--------------------------------------------------------
                                     36 	.area _HRAM
                                     37 ;--------------------------------------------------------
                                     38 ; ram data
                                     39 ;--------------------------------------------------------
                                     40 	.area _DATA_1
    00000000                         41 _SavedPoint::
    00000000                         42 	.ds 1
    00000001                         43 _SaveFile_1_World_1_Levels::
    00000001                         44 	.ds 4
    00000005                         45 _SaveFile_1_World_2_Levels::
    00000005                         46 	.ds 4
    00000009                         47 _SaveFile_1_World_3_Levels::
    00000009                         48 	.ds 4
    0000000D                         49 _SaveFile_1_World_4_Levels::
    0000000D                         50 	.ds 4
    00000011                         51 _SaveFile_1_World_5_Levels::
    00000011                         52 	.ds 4
    00000015                         53 _SaveFile_1_World_6_Levels::
    00000015                         54 	.ds 4
    00000019                         55 _SaveFile_1_World_7_Levels::
    00000019                         56 	.ds 4
    0000001D                         57 _SaveFile_1_World_8_Levels::
    0000001D                         58 	.ds 4
    00000021                         59 _SaveFile_1::
    00000021                         60 	.ds 8
    00000029                         61 _SaveFile_2::
    00000029                         62 	.ds 8
    00000031                         63 _SaveFile_3::
    00000031                         64 	.ds 8
                                     65 ;--------------------------------------------------------
                                     66 ; ram data
                                     67 ;--------------------------------------------------------
                                     68 	.area _INITIALIZED
    00000000                         69 _World_1_Points::
    00000000                         70 	.ds 70
    00000046                         71 _SaveFile_1_Levels::
    00000046                         72 	.ds 16
    00000056                         73 _World_List::
    00000056                         74 	.ds 16
    00000066                         75 _World_1::
    00000066                         76 	.ds 5
    0000006B                         77 _World_2::
    0000006B                         78 	.ds 5
    00000070                         79 _World_3::
    00000070                         80 	.ds 5
    00000075                         81 _World_4::
    00000075                         82 	.ds 5
    0000007A                         83 _World_5::
    0000007A                         84 	.ds 5
    0000007F                         85 _World_6::
    0000007F                         86 	.ds 5
    00000084                         87 _World_7::
    00000084                         88 	.ds 5
    00000089                         89 _World_8::
    00000089                         90 	.ds 5
                                     91 ;--------------------------------------------------------
                                     92 ; absolute external ram data
                                     93 ;--------------------------------------------------------
                                     94 	.area _DABS (ABS)
                                     95 ;--------------------------------------------------------
                                     96 ; global & static initialisations
                                     97 ;--------------------------------------------------------
                                     98 	.area _HOME
                                     99 	.area _GSINIT
                                    100 	.area _GSFINAL
                                    101 	.area _GSINIT
                                    102 ;--------------------------------------------------------
                                    103 ; Home
                                    104 ;--------------------------------------------------------
                                    105 	.area _HOME
                                    106 	.area _HOME
                                    107 ;--------------------------------------------------------
                                    108 ; code
                                    109 ;--------------------------------------------------------
                                    110 	.area _CODE
                                    111 	.area _CODE
                                    112 	.area _INITIALIZER
    00000000                        113 __xinit__World_1_Points:
    00000000 01 00                  114 	.dw #0x0001
    00000002 05 00                  115 	.dw #0x0005
    00000004 00                     116 	.db #0x00	; 0
    00000005 00                     117 	.db #0x00	; 0
    00000006 00                     118 	.db #0x00	; 0
    00000007 02 00                  119 	.dw #0x0002
    00000009 05 00                  120 	.dw #0x0005
    0000000B 04                     121 	.db #0x04	; 4
    0000000C 00                     122 	.db #0x00	; 0
    0000000D 00                     123 	.db #0x00	; 0
    0000000E 04 00                  124 	.dw #0x0004
    00000010 03 00                  125 	.dw #0x0003
    00000012 04                     126 	.db #0x04	; 4
    00000013 00                     127 	.db #0x00	; 0
    00000014 00                     128 	.db #0x00	; 0
    00000015 07 00                  129 	.dw #0x0007
    00000017 03 00                  130 	.dw #0x0003
    00000019 01                     131 	.db #0x01	; 1
    0000001A 01                     132 	.db #0x01	; 1
    0000001B 00                     133 	.db #0x00	; 0
    0000001C 0C 00                  134 	.dw #0x000c
    0000001E 03 00                  135 	.dw #0x0003
    00000020 01                     136 	.db #0x01	; 1
    00000021 02                     137 	.db #0x02	; 2
    00000022 00                     138 	.db #0x00	; 0
    00000023 11 00                  139 	.dw #0x0011
    00000025 03 00                  140 	.dw #0x0003
    00000027 02                     141 	.db #0x02	; 2
    00000028 00                     142 	.db #0x00	; 0
    00000029 06                     143 	.db #0x06	; 6
    0000002A 05 00                  144 	.dw #0x0005
    0000002C 0E 00                  145 	.dw #0x000e
    0000002E 03                     146 	.db #0x03	; 3
    0000002F 00                     147 	.db #0x00	; 0
    00000030 05                     148 	.db #0x05	; 5
    00000031 0A 00                  149 	.dw #0x000a
    00000033 0E 00                  150 	.dw #0x000e
    00000035 01                     151 	.db #0x01	; 1
    00000036 03                     152 	.db #0x03	; 3
    00000037 00                     153 	.db #0x00	; 0
    00000038 0F 00                  154 	.dw #0x000f
    0000003A 0E 00                  155 	.dw #0x000e
    0000003C 04                     156 	.db #0x04	; 4
    0000003D 00                     157 	.db #0x00	; 0
    0000003E 00                     158 	.db #0x00	; 0
    0000003F 10 00                  159 	.dw #0x0010
    00000041 0D 00                  160 	.dw #0x000d
    00000043 05                     161 	.db #0x05	; 5
    00000044 04                     162 	.db #0x04	; 4
    00000045 00                     163 	.db #0x00	; 0
    00000046                        164 __xinit__SaveFile_1_Levels:
    00000046r01r00                  165 	.dw _SaveFile_1_World_1_Levels
    00000048r05r00                  166 	.dw _SaveFile_1_World_2_Levels
    0000004Ar09r00                  167 	.dw _SaveFile_1_World_3_Levels
    0000004Cr0Dr00                  168 	.dw _SaveFile_1_World_4_Levels
    0000004Er11r00                  169 	.dw _SaveFile_1_World_5_Levels
    00000050r15r00                  170 	.dw _SaveFile_1_World_6_Levels
    00000052r19r00                  171 	.dw _SaveFile_1_World_7_Levels
    00000054r1Dr00                  172 	.dw _SaveFile_1_World_8_Levels
    00000056                        173 __xinit__World_List:
    00000056r66r00                  174 	.dw _World_1
    00000058r6Br00                  175 	.dw _World_2
    0000005Ar70r00                  176 	.dw _World_3
    0000005Cr75r00                  177 	.dw _World_4
    0000005Er7Ar00                  178 	.dw _World_5
    00000060r7Fr00                  179 	.dw _World_6
    00000062r84r00                  180 	.dw _World_7
    00000064r89r00                  181 	.dw _World_8
    00000066                        182 __xinit__World_1:
    00000066r00r00                  183 	.dw _World_1_Points
    00000068 01 00                  184 	.dw #0x0001
    0000006A 0A                     185 	.db #0x0a	; 10
    0000006B                        186 __xinit__World_2:
    0000006Br00r00                  187 	.dw _World_1_Points
    0000006D 02 00                  188 	.dw #0x0002
    0000006F 00                     189 	.db #0x00	; 0
    00000070                        190 __xinit__World_3:
    00000070r00r00                  191 	.dw _World_1_Points
    00000072 03 00                  192 	.dw #0x0003
    00000074 00                     193 	.db #0x00	; 0
    00000075                        194 __xinit__World_4:
    00000075r00r00                  195 	.dw _World_1_Points
    00000077 04 00                  196 	.dw #0x0004
    00000079 00                     197 	.db #0x00	; 0
    0000007A                        198 __xinit__World_5:
    0000007Ar00r00                  199 	.dw _World_1_Points
    0000007C 05 00                  200 	.dw #0x0005
    0000007E 00                     201 	.db #0x00	; 0
    0000007F                        202 __xinit__World_6:
    0000007Fr00r00                  203 	.dw _World_1_Points
    00000081 06 00                  204 	.dw #0x0006
    00000083 00                     205 	.db #0x00	; 0
    00000084                        206 __xinit__World_7:
    00000084r00r00                  207 	.dw _World_1_Points
    00000086 07 00                  208 	.dw #0x0007
    00000088 00                     209 	.db #0x00	; 0
    00000089                        210 __xinit__World_8:
    00000089r00r00                  211 	.dw _World_1_Points
    0000008B 08 00                  212 	.dw #0x0008
    0000008D 00                     213 	.db #0x00	; 0
                                    214 	.area _CABS (ABS)
